0 verbose cli /data/data/com.termux/files/usr/bin/node /data/data/com.termux/files/usr/bin/npm
1 info using npm@11.12.1
2 info using node@v24.14.1
3 silly config load:file:/data/data/com.termux/files/usr/lib/node_modules/npm/npmrc
4 silly config load:file:/data/data/com.termux/files/home/.npmrc
5 silly config load:file:/data/data/com.termux/files/usr/etc/npmrc
6 verbose title npm uninstall wrangler
7 verbose argv "uninstall" "--global" "wrangler"
8 verbose logfile logs-max:10 dir:/data/data/com.termux/files/home/.npm/_logs/2026-07-04T22_02_23_050Z-
9 verbose logfile /data/data/com.termux/files/home/.npm/_logs/2026-07-04T22_02_23_050Z-debug-0.log
10 silly packumentCache heap:1086849024 maxSize:271712256 maxEntrySize:135856128
11 silly logfile done cleaning log files
12 silly idealTree buildDeps
13 silly reify mark retired [
13 silly reify   '/data/data/com.termux/files/usr/lib/node_modules/wrangler',
13 silly reify   '/data/data/com.termux/files/usr/bin/wrangler',
13 silly reify   '/data/data/com.termux/files/usr/bin/wrangler2'
13 silly reify ]
14 silly reify moves {
14 silly reify   '/data/data/com.termux/files/usr/lib/node_modules/wrangler': '/data/data/com.termux/files/usr/lib/node_modules/.wrangler-e78WJKo2',
14 silly reify   '/data/data/com.termux/files/usr/bin/wrangler': '/data/data/com.termux/files/usr/bin/.wrangler-zsGsI8wo',
14 silly reify   '/data/data/com.termux/files/usr/bin/wrangler2': '/data/data/com.termux/files/usr/bin/.wrangler2-n8dFytHe'
14 silly reify }
15 silly REMOVE node_modules/wrangler
16 silly REMOVE node_modules/wrangler/node_modules/@jridgewell/trace-mapping
17 silly REMOVE node_modules/wrangler/node_modules/@jridgewell/sourcemap-codec
18 silly REMOVE node_modules/wrangler/node_modules/@jridgewell/resolve-uri
19 silly REMOVE node_modules/wrangler/node_modules/@esbuild/android-arm64
20 silly REMOVE node_modules/wrangler/node_modules/@esbuild-plugins/node-modules-polyfill
21 silly REMOVE node_modules/wrangler/node_modules/@cspotcode/source-map-support
22 silly REMOVE node_modules/wrangler/node_modules/@esbuild-plugins/node-globals-polyfill
23 silly REMOVE node_modules/wrangler/node_modules/@cloudflare/unenv-preset
24 silly REMOVE node_modules/wrangler/node_modules/@fastify/busboy
25 silly REMOVE node_modules/wrangler/node_modules/@cloudflare/kv-asset-handler
26 silly REMOVE node_modules/wrangler/node_modules/unenv
27 silly REMOVE node_modules/wrangler/node_modules/youch
28 silly REMOVE node_modules/wrangler/node_modules/sourcemap-codec
29 silly REMOVE node_modules/wrangler/node_modules/simple-swizzle
30 silly REMOVE node_modules/wrangler/node_modules/source-map
31 silly REMOVE node_modules/wrangler/node_modules/stacktracey
32 silly REMOVE node_modules/wrangler/node_modules/zod
33 silly REMOVE node_modules/wrangler/node_modules/undici
34 silly REMOVE node_modules/wrangler/node_modules/ufo
35 silly REMOVE node_modules/wrangler/node_modules/ws
36 silly REMOVE node_modules/wrangler/node_modules/workerd
37 silly REMOVE node_modules/wrangler/node_modules/rollup-pluginutils
38 silly REMOVE node_modules/wrangler/node_modules/sharp
39 silly REMOVE node_modules/wrangler/node_modules/pathe
40 silly REMOVE node_modules/wrangler/node_modules/stoppable
41 silly REMOVE node_modules/wrangler/node_modules/semver
42 silly REMOVE node_modules/wrangler/node_modules/rollup-plugin-node-polyfills
43 silly REMOVE node_modules/wrangler/node_modules/printable-characters
44 silly REMOVE node_modules/wrangler/node_modules/is-arrayish
45 silly REMOVE node_modules/wrangler/node_modules/path-to-regexp
46 silly REMOVE node_modules/wrangler/node_modules/rollup-plugin-inject
47 silly REMOVE node_modules/wrangler/node_modules/ohash
48 silly REMOVE node_modules/wrangler/node_modules/mustache
49 silly REMOVE node_modules/wrangler/node_modules/mime
50 silly REMOVE node_modules/wrangler/node_modules/magic-string
51 silly REMOVE node_modules/wrangler/node_modules/get-source
52 silly REMOVE node_modules/wrangler/node_modules/estree-walker
53 silly REMOVE node_modules/wrangler/node_modules/exsolve
54 silly REMOVE node_modules/wrangler/node_modules/escape-string-regexp
55 silly REMOVE node_modules/wrangler/node_modules/miniflare
56 silly REMOVE node_modules/wrangler/node_modules/esbuild
57 silly REMOVE node_modules/wrangler/node_modules/cookie
58 silly REMOVE node_modules/wrangler/node_modules/glob-to-regexp
59 silly REMOVE node_modules/wrangler/node_modules/data-uri-to-buffer
60 silly REMOVE node_modules/wrangler/node_modules/detect-libc
61 silly REMOVE node_modules/wrangler/node_modules/acorn-walk
62 silly REMOVE node_modules/wrangler/node_modules/defu
63 silly REMOVE node_modules/wrangler/node_modules/color-string
64 silly REMOVE node_modules/wrangler/node_modules/exit-hook
65 silly REMOVE node_modules/wrangler/node_modules/color
66 silly REMOVE node_modules/wrangler/node_modules/color-convert
67 silly REMOVE node_modules/wrangler/node_modules/color-name
68 silly REMOVE node_modules/wrangler/node_modules/blake3-wasm
69 silly REMOVE node_modules/wrangler/node_modules/as-table
70 silly REMOVE node_modules/wrangler/node_modules/acorn
71 verbose cwd /storage/emulated/0/Download/streamhub-cloudflare-1
72 verbose os Linux 5.15.178-android13-8-ga7cf630dda19-ab41
73 verbose node v24.14.1
74 verbose npm  v11.12.1
75 verbose exit 0
76 info ok
