0 verbose cli /data/data/com.termux/files/usr/bin/node /data/data/com.termux/files/usr/bin/npm
1 info using npm@11.12.1
2 info using node@v24.14.1
3 silly config load:file:/data/data/com.termux/files/usr/lib/node_modules/npm/npmrc
4 silly config load:file:/data/data/com.termux/files/home/.npmrc
5 silly config load:file:/data/data/com.termux/files/usr/etc/npmrc
6 verbose title npm install wrangler@3
7 verbose argv "install" "--global" "wrangler@3" "--ignore-scripts"
8 verbose logfile logs-max:10 dir:/data/data/com.termux/files/home/.npm/_logs/2026-07-04T21_33_20_711Z-
9 verbose logfile /data/data/com.termux/files/home/.npm/_logs/2026-07-04T21_33_20_711Z-debug-0.log
10 silly packumentCache heap:1086849024 maxSize:271712256 maxEntrySize:135856128
11 silly logfile done cleaning log files
12 silly idealTree buildDeps
13 silly fetch manifest wrangler@3
14 silly packumentCache full:https://registry.npmjs.org/wrangler cache-miss
15 http cache https://registry.npmjs.org/wrangler 288ms (cache hit)
16 silly packumentCache full:https://registry.npmjs.org/wrangler set size:29473679 disposed:false
17 silly placeDep ROOT wrangler@3.114.17 OK for:  want: 3
18 silly fetch manifest unenv@2.0.0-rc.14
19 silly packumentCache full:https://registry.npmjs.org/unenv cache-miss
20 silly fetch manifest esbuild@0.17.19
21 silly packumentCache full:https://registry.npmjs.org/esbuild cache-miss
22 silly fetch manifest workerd@1.20250718.0
23 silly packumentCache full:https://registry.npmjs.org/workerd cache-miss
24 silly fetch manifest miniflare@3.20250718.3
25 silly packumentCache full:https://registry.npmjs.org/miniflare cache-miss
26 silly fetch manifest blake3-wasm@2.1.5
27 silly packumentCache full:https://registry.npmjs.org/blake3-wasm cache-miss
28 silly fetch manifest path-to-regexp@6.3.0
29 silly packumentCache full:https://registry.npmjs.org/path-to-regexp cache-miss
30 silly fetch manifest @cloudflare/unenv-preset@2.0.2
31 silly packumentCache full:https://registry.npmjs.org/@cloudflare%2funenv-preset cache-miss
32 http cache https://registry.npmjs.org/workerd 90ms (cache hit)
33 silly packumentCache full:https://registry.npmjs.org/workerd set size:888449 disposed:false
34 silly fetch manifest @cloudflare/kv-asset-handler@0.3.4
35 silly packumentCache full:https://registry.npmjs.org/@cloudflare%2fkv-asset-handler cache-miss
36 http cache https://registry.npmjs.org/unenv 135ms (cache hit)
37 silly packumentCache full:https://registry.npmjs.org/unenv set size:236480 disposed:false
38 silly fetch manifest @esbuild-plugins/node-globals-polyfill@0.2.3
39 silly packumentCache full:https://registry.npmjs.org/@esbuild-plugins%2fnode-globals-polyfill cache-miss
40 http cache https://registry.npmjs.org/@cloudflare%2funenv-preset 156ms (cache hit)
41 silly packumentCache full:https://registry.npmjs.org/@cloudflare%2funenv-preset set size:3359983 disposed:false
42 silly fetch manifest @esbuild-plugins/node-modules-polyfill@0.2.2
43 silly packumentCache full:https://registry.npmjs.org/@esbuild-plugins%2fnode-modules-polyfill cache-miss
44 http cache https://registry.npmjs.org/miniflare 298ms (cache hit)
45 silly packumentCache full:https://registry.npmjs.org/miniflare set size:6628393 disposed:false
46 silly fetch manifest sharp@^0.33.5
47 silly packumentCache full:https://registry.npmjs.org/sharp cache-miss
48 http cache https://registry.npmjs.org/esbuild 489ms (cache hit)
49 silly packumentCache full:https://registry.npmjs.org/esbuild set size:1259608 disposed:false
50 silly fetch manifest fsevents@~2.3.2
51 silly packumentCache full:https://registry.npmjs.org/fsevents cache-miss
52 http cache https://registry.npmjs.org/blake3-wasm 517ms (cache hit)
53 silly packumentCache full:https://registry.npmjs.org/blake3-wasm set size:6797 disposed:false
54 http cache https://registry.npmjs.org/path-to-regexp 523ms (cache hit)
55 silly packumentCache full:https://registry.npmjs.org/path-to-regexp set size:216334 disposed:false
56 http cache https://registry.npmjs.org/@cloudflare%2fkv-asset-handler 559ms (cache hit)
57 silly packumentCache full:https://registry.npmjs.org/@cloudflare%2fkv-asset-handler set size:83933 disposed:false
58 http cache https://registry.npmjs.org/fsevents 172ms (cache hit)
59 silly packumentCache full:https://registry.npmjs.org/fsevents set size:182472 disposed:false
60 http cache https://registry.npmjs.org/sharp 233ms (cache hit)
61 silly packumentCache full:https://registry.npmjs.org/sharp set size:1201295 disposed:false
62 http fetch GET 200 https://registry.npmjs.org/@esbuild-plugins%2fnode-globals-polyfill 1332ms (cache revalidated)
63 silly packumentCache full:https://registry.npmjs.org/@esbuild-plugins%2fnode-globals-polyfill set size:29684 disposed:false
64 http fetch GET 200 https://registry.npmjs.org/@esbuild-plugins%2fnode-modules-polyfill 1221ms (cache revalidated)
65 silly packumentCache full:https://registry.npmjs.org/@esbuild-plugins%2fnode-modules-polyfill set size:27297 disposed:false
66 silly placeDep node_modules/wrangler @cloudflare/kv-asset-handler@0.3.4 OK for: wrangler@3.114.17 want: 0.3.4
67 silly placeDep node_modules/wrangler @cloudflare/unenv-preset@2.0.2 OK for: wrangler@3.114.17 want: 2.0.2
68 silly placeDep node_modules/wrangler unenv@2.0.0-rc.14 OK for: @cloudflare/unenv-preset@2.0.2 want: 2.0.0-rc.14
69 silly placeDep node_modules/wrangler @esbuild-plugins/node-globals-polyfill@0.2.3 OK for: wrangler@3.114.17 want: 0.2.3
70 silly placeDep node_modules/wrangler esbuild@0.17.19 OK for: @esbuild-plugins/node-globals-polyfill@0.2.3 want: *
71 silly placeDep node_modules/wrangler @esbuild-plugins/node-modules-polyfill@0.2.2 OK for: wrangler@3.114.17 want: 0.2.2
72 silly placeDep node_modules/wrangler blake3-wasm@2.1.5 OK for: wrangler@3.114.17 want: 2.1.5
73 silly placeDep node_modules/wrangler fsevents@2.3.3 OK for: wrangler@3.114.17 want: ~2.3.2
74 silly placeDep node_modules/wrangler miniflare@3.20250718.3 OK for: wrangler@3.114.17 want: 3.20250718.3
75 silly placeDep node_modules/wrangler path-to-regexp@6.3.0 OK for: wrangler@3.114.17 want: 6.3.0
76 silly placeDep node_modules/wrangler sharp@0.33.5 OK for: wrangler@3.114.17 want: ^0.33.5
77 silly placeDep node_modules/wrangler workerd@1.20250718.0 OK for: wrangler@3.114.17 want: 1.20250718.0
78 silly fetch manifest mime@^3.0.0
79 silly packumentCache full:https://registry.npmjs.org/mime cache-miss
80 silly fetch manifest ufo@^1.5.4
81 silly packumentCache full:https://registry.npmjs.org/ufo cache-miss
82 silly fetch manifest defu@^6.1.4
83 silly packumentCache full:https://registry.npmjs.org/defu cache-miss
84 silly fetch manifest ohash@^2.0.10
85 silly packumentCache full:https://registry.npmjs.org/ohash cache-miss
86 silly fetch manifest pathe@^2.0.3
87 silly packumentCache full:https://registry.npmjs.org/pathe cache-miss
88 silly fetch manifest exsolve@^1.0.1
89 silly packumentCache full:https://registry.npmjs.org/exsolve cache-miss
90 silly fetch manifest @esbuild/linux-arm@0.17.19
91 silly packumentCache full:https://registry.npmjs.org/@esbuild%2flinux-arm cache-miss
92 http cache https://registry.npmjs.org/pathe 56ms (cache hit)
93 silly packumentCache full:https://registry.npmjs.org/pathe set size:68788 disposed:false
94 silly fetch manifest @esbuild/linux-x64@0.17.19
95 silly packumentCache full:https://registry.npmjs.org/@esbuild%2flinux-x64 cache-miss
96 http cache https://registry.npmjs.org/@esbuild%2flinux-arm 64ms (cache hit)
97 silly packumentCache full:https://registry.npmjs.org/@esbuild%2flinux-arm set size:196784 disposed:false
98 silly fetch manifest @esbuild/sunos-x64@0.17.19
99 silly packumentCache full:https://registry.npmjs.org/@esbuild%2fsunos-x64 cache-miss
100 http fetch GET 200 https://registry.npmjs.org/mime 101ms (cache revalidated)
101 silly packumentCache full:https://registry.npmjs.org/mime set size:119236 disposed:false
102 silly fetch manifest @esbuild/win32-x64@0.17.19
103 silly packumentCache full:https://registry.npmjs.org/@esbuild%2fwin32-x64 cache-miss
104 http fetch GET 200 https://registry.npmjs.org/ufo 116ms (cache revalidated)
105 silly packumentCache full:https://registry.npmjs.org/ufo set size:169119 disposed:false
106 silly fetch manifest @esbuild/darwin-x64@0.17.19
107 silly packumentCache full:https://registry.npmjs.org/@esbuild%2fdarwin-x64 cache-miss
108 http cache https://registry.npmjs.org/@esbuild%2flinux-x64 76ms (cache hit)
109 silly packumentCache full:https://registry.npmjs.org/@esbuild%2flinux-x64 set size:197126 disposed:false
110 silly fetch manifest @esbuild/linux-ia32@0.17.19
111 silly packumentCache full:https://registry.npmjs.org/@esbuild%2flinux-ia32 cache-miss
112 http cache https://registry.npmjs.org/@esbuild%2fsunos-x64 81ms (cache hit)
113 silly packumentCache full:https://registry.npmjs.org/@esbuild%2fsunos-x64 set size:197370 disposed:false
114 silly fetch manifest @esbuild/netbsd-x64@0.17.19
115 silly packumentCache full:https://registry.npmjs.org/@esbuild%2fnetbsd-x64 cache-miss
116 http cache https://registry.npmjs.org/@esbuild%2fwin32-x64 81ms (cache hit)
117 silly packumentCache full:https://registry.npmjs.org/@esbuild%2fwin32-x64 set size:195722 disposed:false
118 silly fetch manifest @esbuild/win32-ia32@0.17.19
119 silly packumentCache full:https://registry.npmjs.org/@esbuild%2fwin32-ia32 cache-miss
120 http cache https://registry.npmjs.org/@esbuild%2fdarwin-x64 84ms (cache hit)
121 silly packumentCache full:https://registry.npmjs.org/@esbuild%2fdarwin-x64 set size:197848 disposed:false
122 silly fetch manifest @esbuild/android-arm@0.17.19
123 silly packumentCache full:https://registry.npmjs.org/@esbuild%2fandroid-arm cache-miss
124 http cache https://registry.npmjs.org/@esbuild%2fnetbsd-x64 55ms (cache hit)
125 silly packumentCache full:https://registry.npmjs.org/@esbuild%2fnetbsd-x64 set size:195514 disposed:false
126 silly fetch manifest @esbuild/android-x64@0.17.19
127 silly packumentCache full:https://registry.npmjs.org/@esbuild%2fandroid-x64 cache-miss
128 http cache https://registry.npmjs.org/@esbuild%2flinux-ia32 84ms (cache hit)
129 silly packumentCache full:https://registry.npmjs.org/@esbuild%2flinux-ia32 set size:197805 disposed:false
130 silly fetch manifest @esbuild/freebsd-x64@0.17.19
131 silly packumentCache full:https://registry.npmjs.org/@esbuild%2ffreebsd-x64 cache-miss
132 http fetch GET 200 https://registry.npmjs.org/ohash 256ms (cache revalidated)
133 silly packumentCache full:https://registry.npmjs.org/ohash set size:69122 disposed:false
134 silly fetch manifest @esbuild/linux-arm64@0.17.19
135 silly packumentCache full:https://registry.npmjs.org/@esbuild%2flinux-arm64 cache-miss
136 http fetch GET 200 https://registry.npmjs.org/defu 267ms (cache revalidated)
137 silly packumentCache full:https://registry.npmjs.org/defu set size:87806 disposed:false
138 silly fetch manifest @esbuild/linux-ppc64@0.17.19
139 silly packumentCache full:https://registry.npmjs.org/@esbuild%2flinux-ppc64 cache-miss
140 http cache https://registry.npmjs.org/@esbuild%2fwin32-ia32 88ms (cache hit)
141 silly packumentCache full:https://registry.npmjs.org/@esbuild%2fwin32-ia32 set size:198030 disposed:false
142 silly fetch manifest @esbuild/linux-s390x@0.17.19
143 silly packumentCache full:https://registry.npmjs.org/@esbuild%2flinux-s390x cache-miss
144 http cache https://registry.npmjs.org/@esbuild%2fandroid-arm 88ms (cache hit)
145 silly packumentCache full:https://registry.npmjs.org/@esbuild%2fandroid-arm set size:223400 disposed:false
146 silly fetch manifest @esbuild/openbsd-x64@0.17.19
147 silly packumentCache full:https://registry.npmjs.org/@esbuild%2fopenbsd-x64 cache-miss
148 http cache https://registry.npmjs.org/@esbuild%2fandroid-x64 87ms (cache hit)
149 silly packumentCache full:https://registry.npmjs.org/@esbuild%2fandroid-x64 set size:197200 disposed:false
150 silly fetch manifest @esbuild/win32-arm64@0.17.19
151 silly packumentCache full:https://registry.npmjs.org/@esbuild%2fwin32-arm64 cache-miss
152 http fetch GET 200 https://registry.npmjs.org/exsolve 325ms (cache revalidated)
153 silly packumentCache full:https://registry.npmjs.org/exsolve set size:58654 disposed:false
154 silly fetch manifest @esbuild/darwin-arm64@0.17.19
155 silly packumentCache full:https://registry.npmjs.org/@esbuild%2fdarwin-arm64 cache-miss
156 http cache https://registry.npmjs.org/@esbuild%2ffreebsd-x64 96ms (cache hit)
157 silly packumentCache full:https://registry.npmjs.org/@esbuild%2ffreebsd-x64 set size:198734 disposed:false
158 silly fetch manifest @esbuild/android-arm64@0.17.19
159 silly packumentCache full:https://registry.npmjs.org/@esbuild%2fandroid-arm64 cache-miss
160 http cache https://registry.npmjs.org/@esbuild%2flinux-arm64 96ms (cache hit)
161 silly packumentCache full:https://registry.npmjs.org/@esbuild%2flinux-arm64 set size:198939 disposed:false
162 silly fetch manifest @esbuild/freebsd-arm64@0.17.19
163 silly packumentCache full:https://registry.npmjs.org/@esbuild%2ffreebsd-arm64 cache-miss
164 http cache https://registry.npmjs.org/@esbuild%2flinux-ppc64 99ms (cache hit)
165 silly packumentCache full:https://registry.npmjs.org/@esbuild%2flinux-ppc64 set size:200994 disposed:false
166 silly fetch manifest @esbuild/linux-loong64@0.17.19
167 silly packumentCache full:https://registry.npmjs.org/@esbuild%2flinux-loong64 cache-miss
168 http cache https://registry.npmjs.org/@esbuild%2flinux-s390x 92ms (cache hit)
169 silly packumentCache full:https://registry.npmjs.org/@esbuild%2flinux-s390x set size:200463 disposed:false
170 silly fetch manifest @esbuild/linux-riscv64@0.17.19
171 silly packumentCache full:https://registry.npmjs.org/@esbuild%2flinux-riscv64 cache-miss
172 http cache https://registry.npmjs.org/@esbuild%2fopenbsd-x64 94ms (cache hit)
173 silly packumentCache full:https://registry.npmjs.org/@esbuild%2fopenbsd-x64 set size:198745 disposed:false
174 silly fetch manifest @esbuild/linux-mips64el@0.17.19
175 silly packumentCache full:https://registry.npmjs.org/@esbuild%2flinux-mips64el cache-miss
176 http cache https://registry.npmjs.org/@esbuild%2fwin32-arm64 91ms (cache hit)
177 silly packumentCache full:https://registry.npmjs.org/@esbuild%2fwin32-arm64 set size:199171 disposed:false
178 silly fetch manifest escape-string-regexp@^4.0.0
179 silly packumentCache full:https://registry.npmjs.org/escape-string-regexp cache-miss
180 http cache https://registry.npmjs.org/@esbuild%2fdarwin-arm64 94ms (cache hit)
181 silly packumentCache full:https://registry.npmjs.org/@esbuild%2fdarwin-arm64 set size:199630 disposed:false
182 silly fetch manifest rollup-plugin-node-polyfills@^0.2.1
183 silly packumentCache full:https://registry.npmjs.org/rollup-plugin-node-polyfills cache-miss
184 http cache https://registry.npmjs.org/@esbuild%2fandroid-arm64 94ms (cache hit)
185 silly packumentCache full:https://registry.npmjs.org/@esbuild%2fandroid-arm64 set size:202366 disposed:false
186 silly fetch manifest ws@8.18.0
187 silly packumentCache full:https://registry.npmjs.org/ws cache-miss
188 http cache https://registry.npmjs.org/@esbuild%2ffreebsd-arm64 94ms (cache hit)
189 silly packumentCache full:https://registry.npmjs.org/@esbuild%2ffreebsd-arm64 set size:200534 disposed:false
190 silly fetch manifest zod@3.22.3
191 silly packumentCache full:https://registry.npmjs.org/zod cache-miss
192 http cache https://registry.npmjs.org/@esbuild%2flinux-loong64 97ms (cache hit)
193 silly packumentCache full:https://registry.npmjs.org/@esbuild%2flinux-loong64 set size:253896 disposed:false
194 silly fetch manifest acorn@8.14.0
195 silly packumentCache full:https://registry.npmjs.org/acorn cache-miss
196 http cache https://registry.npmjs.org/@esbuild%2flinux-riscv64 99ms (cache hit)
197 silly packumentCache full:https://registry.npmjs.org/@esbuild%2flinux-riscv64 set size:200662 disposed:false
198 silly fetch manifest youch@3.3.4
199 silly packumentCache full:https://registry.npmjs.org/youch cache-miss
200 http cache https://registry.npmjs.org/@esbuild%2flinux-mips64el 136ms (cache hit)
201 silly packumentCache full:https://registry.npmjs.org/@esbuild%2flinux-mips64el set size:202764 disposed:false
202 silly fetch manifest undici@^5.28.5
203 silly packumentCache full:https://registry.npmjs.org/undici cache-miss
204 http cache https://registry.npmjs.org/ws 118ms (cache hit)
205 silly packumentCache full:https://registry.npmjs.org/ws set size:427106 disposed:false
206 silly fetch manifest exit-hook@2.2.1
207 silly packumentCache full:https://registry.npmjs.org/exit-hook cache-miss
208 http fetch GET 200 https://registry.npmjs.org/escape-string-regexp 184ms (cache revalidated)
209 silly packumentCache full:https://registry.npmjs.org/escape-string-regexp set size:22244 disposed:false
210 silly fetch manifest stoppable@1.1.0
211 silly packumentCache full:https://registry.npmjs.org/stoppable cache-miss
212 http fetch GET 200 https://registry.npmjs.org/rollup-plugin-node-polyfills 181ms (cache revalidated)
213 silly packumentCache full:https://registry.npmjs.org/rollup-plugin-node-polyfills set size:19465 disposed:false
214 silly fetch manifest acorn-walk@8.3.2
215 silly packumentCache full:https://registry.npmjs.org/acorn-walk cache-miss
216 http cache https://registry.npmjs.org/youch 128ms (cache hit)
217 silly packumentCache full:https://registry.npmjs.org/youch set size:154842 disposed:false
218 silly fetch manifest glob-to-regexp@0.4.1
219 silly packumentCache full:https://registry.npmjs.org/glob-to-regexp cache-miss
220 http cache https://registry.npmjs.org/undici 93ms (cache hit)
221 silly packumentCache full:https://registry.npmjs.org/undici set size:1497166 disposed:false
222 silly fetch manifest @cspotcode/source-map-support@0.8.1
223 silly packumentCache full:https://registry.npmjs.org/@cspotcode%2fsource-map-support cache-miss
224 http fetch GET 200 https://registry.npmjs.org/acorn 241ms (cache revalidated)
225 silly packumentCache full:https://registry.npmjs.org/acorn set size:381366 disposed:false
226 silly fetch manifest color@^4.2.3
227 silly packumentCache full:https://registry.npmjs.org/color cache-miss
228 http fetch GET 200 https://registry.npmjs.org/zod 301ms (cache revalidated)
229 silly packumentCache full:https://registry.npmjs.org/zod set size:3552562 disposed:false
230 silly fetch manifest semver@^7.6.3
231 silly packumentCache full:https://registry.npmjs.org/semver cache-miss
232 http cache https://registry.npmjs.org/@cspotcode%2fsource-map-support 175ms (cache hit)
233 silly packumentCache full:https://registry.npmjs.org/@cspotcode%2fsource-map-support set size:30214 disposed:false
234 silly fetch manifest detect-libc@^2.0.3
235 silly packumentCache full:https://registry.npmjs.org/detect-libc cache-miss
236 http fetch GET 200 https://registry.npmjs.org/exit-hook 301ms (cache revalidated)
237 silly packumentCache full:https://registry.npmjs.org/exit-hook set size:45439 disposed:false
238 silly fetch manifest @img/sharp-wasm32@0.33.5
239 silly packumentCache full:https://registry.npmjs.org/@img%2fsharp-wasm32 cache-miss
240 http fetch GET 200 https://registry.npmjs.org/stoppable 280ms (cache revalidated)
241 silly packumentCache full:https://registry.npmjs.org/stoppable set size:23886 disposed:false
242 silly fetch manifest @img/sharp-linux-arm@0.33.5
243 silly packumentCache full:https://registry.npmjs.org/@img%2fsharp-linux-arm cache-miss
244 http fetch GET 200 https://registry.npmjs.org/acorn-walk 280ms (cache revalidated)
245 silly packumentCache full:https://registry.npmjs.org/acorn-walk set size:49813 disposed:false
246 silly fetch manifest @img/sharp-linux-x64@0.33.5
247 silly packumentCache full:https://registry.npmjs.org/@img%2fsharp-linux-x64 cache-miss
248 http cache https://registry.npmjs.org/semver 64ms (cache hit)
249 silly packumentCache full:https://registry.npmjs.org/semver set size:246125 disposed:false
250 silly fetch manifest @img/sharp-win32-x64@0.33.5
251 silly packumentCache full:https://registry.npmjs.org/@img%2fsharp-win32-x64 cache-miss
252 http cache https://registry.npmjs.org/detect-libc 67ms (cache hit)
253 silly packumentCache full:https://registry.npmjs.org/detect-libc set size:47861 disposed:false
254 silly fetch manifest @img/sharp-darwin-x64@0.33.5
255 silly packumentCache full:https://registry.npmjs.org/@img%2fsharp-darwin-x64 cache-miss
256 http cache https://registry.npmjs.org/@img%2fsharp-wasm32 67ms (cache hit)
257 silly packumentCache full:https://registry.npmjs.org/@img%2fsharp-wasm32 set size:99309 disposed:false
258 silly fetch manifest @img/sharp-win32-ia32@0.33.5
259 silly packumentCache full:https://registry.npmjs.org/@img%2fsharp-win32-ia32 cache-miss
260 http fetch GET 200 https://registry.npmjs.org/glob-to-regexp 331ms (cache revalidated)
261 silly packumentCache full:https://registry.npmjs.org/glob-to-regexp set size:15844 disposed:false
262 silly fetch manifest @img/sharp-linux-arm64@0.33.5
263 silly packumentCache full:https://registry.npmjs.org/@img%2fsharp-linux-arm64 cache-miss
264 http cache https://registry.npmjs.org/@img%2fsharp-linux-arm 75ms (cache hit)
265 silly packumentCache full:https://registry.npmjs.org/@img%2fsharp-linux-arm set size:102715 disposed:false
266 silly fetch manifest @img/sharp-linux-s390x@0.33.5
267 silly packumentCache full:https://registry.npmjs.org/@img%2fsharp-linux-s390x cache-miss
268 http cache https://registry.npmjs.org/@img%2fsharp-linux-x64 77ms (cache hit)
269 silly packumentCache full:https://registry.npmjs.org/@img%2fsharp-linux-x64 set size:102218 disposed:false
270 silly fetch manifest @img/sharp-darwin-arm64@0.33.5
271 silly packumentCache full:https://registry.npmjs.org/@img%2fsharp-darwin-arm64 cache-miss
272 http cache https://registry.npmjs.org/@img%2fsharp-win32-x64 72ms (cache hit)
273 silly packumentCache full:https://registry.npmjs.org/@img%2fsharp-win32-x64 set size:103513 disposed:false
274 silly fetch manifest @img/sharp-linuxmusl-x64@0.33.5
275 silly packumentCache full:https://registry.npmjs.org/@img%2fsharp-linuxmusl-x64 cache-miss
276 http fetch GET 200 https://registry.npmjs.org/color 270ms (cache revalidated)
277 silly packumentCache full:https://registry.npmjs.org/color set size:98234 disposed:false
278 silly fetch manifest @img/sharp-linuxmusl-arm64@0.33.5
279 silly packumentCache full:https://registry.npmjs.org/@img%2fsharp-linuxmusl-arm64 cache-miss
280 http cache https://registry.npmjs.org/@img%2fsharp-darwin-x64 85ms (cache hit)
281 silly packumentCache full:https://registry.npmjs.org/@img%2fsharp-darwin-x64 set size:104467 disposed:false
282 silly fetch manifest @img/sharp-libvips-linux-arm@1.0.5
283 silly packumentCache full:https://registry.npmjs.org/@img%2fsharp-libvips-linux-arm cache-miss
284 http cache https://registry.npmjs.org/@img%2fsharp-win32-ia32 87ms (cache hit)
285 silly packumentCache full:https://registry.npmjs.org/@img%2fsharp-win32-ia32 set size:104482 disposed:false
286 silly fetch manifest @img/sharp-libvips-linux-x64@1.0.4
287 silly packumentCache full:https://registry.npmjs.org/@img%2fsharp-libvips-linux-x64 cache-miss
288 http cache https://registry.npmjs.org/@img%2fsharp-linux-arm64 89ms (cache hit)
289 silly packumentCache full:https://registry.npmjs.org/@img%2fsharp-linux-arm64 set size:103552 disposed:false
290 silly fetch manifest @img/sharp-libvips-darwin-x64@1.0.4
291 silly packumentCache full:https://registry.npmjs.org/@img%2fsharp-libvips-darwin-x64 cache-miss
292 http cache https://registry.npmjs.org/@img%2fsharp-linux-s390x 89ms (cache hit)
293 silly packumentCache full:https://registry.npmjs.org/@img%2fsharp-linux-s390x set size:101430 disposed:false
294 silly fetch manifest @img/sharp-libvips-linux-arm64@1.0.4
295 silly packumentCache full:https://registry.npmjs.org/@img%2fsharp-libvips-linux-arm64 cache-miss
296 http cache https://registry.npmjs.org/@img%2fsharp-darwin-arm64 88ms (cache hit)
297 silly packumentCache full:https://registry.npmjs.org/@img%2fsharp-darwin-arm64 set size:105848 disposed:false
298 silly fetch manifest @img/sharp-libvips-linux-s390x@1.0.4
299 silly packumentCache full:https://registry.npmjs.org/@img%2fsharp-libvips-linux-s390x cache-miss
300 http cache https://registry.npmjs.org/@img%2fsharp-linuxmusl-arm64 75ms (cache hit)
301 silly packumentCache full:https://registry.npmjs.org/@img%2fsharp-linuxmusl-arm64 set size:105157 disposed:false
302 silly fetch manifest @img/sharp-libvips-darwin-arm64@1.0.4
303 silly packumentCache full:https://registry.npmjs.org/@img%2fsharp-libvips-darwin-arm64 cache-miss
304 http cache https://registry.npmjs.org/@img%2fsharp-linuxmusl-x64 95ms (cache hit)
305 silly packumentCache full:https://registry.npmjs.org/@img%2fsharp-linuxmusl-x64 set size:103818 disposed:false
306 silly fetch manifest @img/sharp-libvips-linuxmusl-x64@1.0.4
307 silly packumentCache full:https://registry.npmjs.org/@img%2fsharp-libvips-linuxmusl-x64 cache-miss
308 http cache https://registry.npmjs.org/@img%2fsharp-libvips-linux-arm 78ms (cache hit)
309 silly packumentCache full:https://registry.npmjs.org/@img%2fsharp-libvips-linux-arm set size:90480 disposed:false
310 silly fetch manifest @img/sharp-libvips-linuxmusl-arm64@1.0.4
311 silly packumentCache full:https://registry.npmjs.org/@img%2fsharp-libvips-linuxmusl-arm64 cache-miss
312 http cache https://registry.npmjs.org/@img%2fsharp-libvips-linux-x64 98ms (cache hit)
313 silly packumentCache full:https://registry.npmjs.org/@img%2fsharp-libvips-linux-x64 set size:86327 disposed:false
314 silly fetch manifest @cloudflare/workerd-linux-64@1.20250718.0
315 silly packumentCache full:https://registry.npmjs.org/@cloudflare%2fworkerd-linux-64 cache-miss
316 http cache https://registry.npmjs.org/@img%2fsharp-libvips-linux-arm64 87ms (cache hit)
317 silly packumentCache full:https://registry.npmjs.org/@img%2fsharp-libvips-linux-arm64 set size:87554 disposed:false
318 silly fetch manifest @cloudflare/workerd-darwin-64@1.20250718.0
319 silly packumentCache full:https://registry.npmjs.org/@cloudflare%2fworkerd-darwin-64 cache-miss
320 http cache https://registry.npmjs.org/@img%2fsharp-libvips-darwin-x64 104ms (cache hit)
321 silly packumentCache full:https://registry.npmjs.org/@img%2fsharp-libvips-darwin-x64 set size:83096 disposed:false
322 silly fetch manifest @cloudflare/workerd-windows-64@1.20250718.0
323 silly packumentCache full:https://registry.npmjs.org/@cloudflare%2fworkerd-windows-64 cache-miss
324 http cache https://registry.npmjs.org/@img%2fsharp-libvips-linux-s390x 95ms (cache hit)
325 silly packumentCache full:https://registry.npmjs.org/@img%2fsharp-libvips-linux-s390x set size:81565 disposed:false
326 silly fetch manifest @cloudflare/workerd-linux-arm64@1.20250718.0
327 silly packumentCache full:https://registry.npmjs.org/@cloudflare%2fworkerd-linux-arm64 cache-miss
328 http cache https://registry.npmjs.org/@img%2fsharp-libvips-darwin-arm64 93ms (cache hit)
329 silly packumentCache full:https://registry.npmjs.org/@img%2fsharp-libvips-darwin-arm64 set size:83997 disposed:false
330 silly fetch manifest @cloudflare/workerd-darwin-arm64@1.20250718.0
331 silly packumentCache full:https://registry.npmjs.org/@cloudflare%2fworkerd-darwin-arm64 cache-miss
332 http cache https://registry.npmjs.org/@img%2fsharp-libvips-linuxmusl-x64 92ms (cache hit)
333 silly packumentCache full:https://registry.npmjs.org/@img%2fsharp-libvips-linuxmusl-x64 set size:83650 disposed:false
334 http cache https://registry.npmjs.org/@img%2fsharp-libvips-linuxmusl-arm64 94ms (cache hit)
335 silly packumentCache full:https://registry.npmjs.org/@img%2fsharp-libvips-linuxmusl-arm64 set size:86720 disposed:false
336 http cache https://registry.npmjs.org/@cloudflare%2fworkerd-linux-64 85ms (cache hit)
337 silly packumentCache full:https://registry.npmjs.org/@cloudflare%2fworkerd-linux-64 set size:1783616 disposed:false
338 http cache https://registry.npmjs.org/@cloudflare%2fworkerd-windows-64 136ms (cache hit)
339 silly packumentCache full:https://registry.npmjs.org/@cloudflare%2fworkerd-windows-64 set size:1693551 disposed:false
340 http cache https://registry.npmjs.org/@cloudflare%2fworkerd-linux-arm64 193ms (cache hit)
341 silly packumentCache full:https://registry.npmjs.org/@cloudflare%2fworkerd-linux-arm64 set size:1776891 disposed:false
342 http cache https://registry.npmjs.org/@cloudflare%2fworkerd-darwin-64 277ms (cache hit)
343 silly packumentCache full:https://registry.npmjs.org/@cloudflare%2fworkerd-darwin-64 set size:1785708 disposed:false
344 http cache https://registry.npmjs.org/@cloudflare%2fworkerd-darwin-arm64 320ms (cache hit)
345 silly packumentCache full:https://registry.npmjs.org/@cloudflare%2fworkerd-darwin-arm64 set size:1786376 disposed:false
346 silly placeDep node_modules/wrangler mime@3.0.0 OK for: @cloudflare/kv-asset-handler@0.3.4 want: ^3.0.0
347 silly placeDep node_modules/wrangler escape-string-regexp@4.0.0 OK for: @esbuild-plugins/node-modules-polyfill@0.2.2 want: ^4.0.0
348 silly placeDep node_modules/wrangler rollup-plugin-node-polyfills@0.2.1 OK for: @esbuild-plugins/node-modules-polyfill@0.2.2 want: ^0.2.1
349 silly fetch manifest rollup-plugin-inject@^3.0.0
350 silly packumentCache full:https://registry.npmjs.org/rollup-plugin-inject cache-miss
351 http fetch GET 200 https://registry.npmjs.org/rollup-plugin-inject 96ms (cache revalidated)
352 silly packumentCache full:https://registry.npmjs.org/rollup-plugin-inject set size:33995 disposed:false
353 silly placeDep node_modules/wrangler @esbuild/android-arm@0.17.19 OK for: esbuild@0.17.19 want: 0.17.19
354 silly placeDep node_modules/wrangler @esbuild/android-arm64@0.17.19 OK for: esbuild@0.17.19 want: 0.17.19
355 silly placeDep node_modules/wrangler @esbuild/android-x64@0.17.19 OK for: esbuild@0.17.19 want: 0.17.19
356 silly placeDep node_modules/wrangler @esbuild/darwin-arm64@0.17.19 OK for: esbuild@0.17.19 want: 0.17.19
357 silly placeDep node_modules/wrangler @esbuild/darwin-x64@0.17.19 OK for: esbuild@0.17.19 want: 0.17.19
358 silly placeDep node_modules/wrangler @esbuild/freebsd-arm64@0.17.19 OK for: esbuild@0.17.19 want: 0.17.19
359 silly placeDep node_modules/wrangler @esbuild/freebsd-x64@0.17.19 OK for: esbuild@0.17.19 want: 0.17.19
360 silly placeDep node_modules/wrangler @esbuild/linux-arm@0.17.19 OK for: esbuild@0.17.19 want: 0.17.19
361 silly placeDep node_modules/wrangler @esbuild/linux-arm64@0.17.19 OK for: esbuild@0.17.19 want: 0.17.19
362 silly placeDep node_modules/wrangler @esbuild/linux-ia32@0.17.19 OK for: esbuild@0.17.19 want: 0.17.19
363 silly placeDep node_modules/wrangler @esbuild/linux-loong64@0.17.19 OK for: esbuild@0.17.19 want: 0.17.19
364 silly placeDep node_modules/wrangler @esbuild/linux-mips64el@0.17.19 OK for: esbuild@0.17.19 want: 0.17.19
365 silly placeDep node_modules/wrangler @esbuild/linux-ppc64@0.17.19 OK for: esbuild@0.17.19 want: 0.17.19
366 silly placeDep node_modules/wrangler @esbuild/linux-riscv64@0.17.19 OK for: esbuild@0.17.19 want: 0.17.19
367 silly placeDep node_modules/wrangler @esbuild/linux-s390x@0.17.19 OK for: esbuild@0.17.19 want: 0.17.19
368 silly placeDep node_modules/wrangler @esbuild/linux-x64@0.17.19 OK for: esbuild@0.17.19 want: 0.17.19
369 silly placeDep node_modules/wrangler @esbuild/netbsd-x64@0.17.19 OK for: esbuild@0.17.19 want: 0.17.19
370 silly placeDep node_modules/wrangler @esbuild/openbsd-x64@0.17.19 OK for: esbuild@0.17.19 want: 0.17.19
371 silly placeDep node_modules/wrangler @esbuild/sunos-x64@0.17.19 OK for: esbuild@0.17.19 want: 0.17.19
372 silly placeDep node_modules/wrangler @esbuild/win32-arm64@0.17.19 OK for: esbuild@0.17.19 want: 0.17.19
373 silly placeDep node_modules/wrangler @esbuild/win32-ia32@0.17.19 OK for: esbuild@0.17.19 want: 0.17.19
374 silly placeDep node_modules/wrangler @esbuild/win32-x64@0.17.19 OK for: esbuild@0.17.19 want: 0.17.19
375 silly fetch manifest bufferutil@^4.0.1
376 silly packumentCache full:https://registry.npmjs.org/bufferutil cache-miss
377 http cache https://registry.npmjs.org/bufferutil 9ms (cache hit)
378 silly packumentCache full:https://registry.npmjs.org/bufferutil set size:52763 disposed:false
379 silly fetch manifest utf-8-validate@>=5.0.2
380 silly packumentCache full:https://registry.npmjs.org/utf-8-validate cache-miss
381 http cache https://registry.npmjs.org/utf-8-validate 12ms (cache hit)
382 silly packumentCache full:https://registry.npmjs.org/utf-8-validate set size:77148 disposed:false
383 silly placeDep node_modules/wrangler @cspotcode/source-map-support@0.8.1 OK for: miniflare@3.20250718.3 want: 0.8.1
384 silly placeDep node_modules/wrangler acorn@8.14.0 OK for: miniflare@3.20250718.3 want: 8.14.0
385 silly placeDep node_modules/wrangler acorn-walk@8.3.2 OK for: miniflare@3.20250718.3 want: 8.3.2
386 silly placeDep node_modules/wrangler exit-hook@2.2.1 OK for: miniflare@3.20250718.3 want: 2.2.1
387 silly placeDep node_modules/wrangler glob-to-regexp@0.4.1 OK for: miniflare@3.20250718.3 want: 0.4.1
388 silly placeDep node_modules/wrangler stoppable@1.1.0 OK for: miniflare@3.20250718.3 want: 1.1.0
389 silly placeDep node_modules/wrangler undici@5.29.0 OK for: miniflare@3.20250718.3 want: ^5.28.5
390 silly placeDep node_modules/wrangler ws@8.18.0 OK for: miniflare@3.20250718.3 want: 8.18.0
391 silly placeDep node_modules/wrangler youch@3.3.4 OK for: miniflare@3.20250718.3 want: 3.3.4
392 silly placeDep node_modules/wrangler zod@3.22.3 OK for: miniflare@3.20250718.3 want: 3.22.3
393 silly fetch manifest @jridgewell/trace-mapping@0.3.9
394 silly packumentCache full:https://registry.npmjs.org/@jridgewell%2ftrace-mapping cache-miss
395 silly fetch manifest @fastify/busboy@^2.0.0
396 silly packumentCache full:https://registry.npmjs.org/@fastify%2fbusboy cache-miss
397 silly fetch manifest cookie@^0.7.1
398 silly packumentCache full:https://registry.npmjs.org/cookie cache-miss
399 silly fetch manifest mustache@^4.2.0
400 silly packumentCache full:https://registry.npmjs.org/mustache cache-miss
401 silly fetch manifest stacktracey@^2.1.8
402 silly packumentCache full:https://registry.npmjs.org/stacktracey cache-miss
403 http cache https://registry.npmjs.org/@jridgewell%2ftrace-mapping 30ms (cache hit)
404 silly packumentCache full:https://registry.npmjs.org/@jridgewell%2ftrace-mapping set size:170909 disposed:false
405 http cache https://registry.npmjs.org/cookie 38ms (cache hit)
406 silly packumentCache full:https://registry.npmjs.org/cookie set size:78274 disposed:false
407 http fetch GET 200 https://registry.npmjs.org/mustache 88ms (cache revalidated)
408 silly packumentCache full:https://registry.npmjs.org/mustache set size:166955 disposed:false
409 http fetch GET 200 https://registry.npmjs.org/@fastify%2fbusboy 107ms (cache revalidated)
410 silly packumentCache full:https://registry.npmjs.org/@fastify%2fbusboy set size:62369 disposed:false
411 http fetch GET 200 https://registry.npmjs.org/stacktracey 255ms (cache revalidated)
412 silly packumentCache full:https://registry.npmjs.org/stacktracey set size:408365 disposed:false
413 silly placeDep node_modules/wrangler @jridgewell/trace-mapping@0.3.9 OK for: @cspotcode/source-map-support@0.8.1 want: 0.3.9
414 silly fetch manifest @jridgewell/resolve-uri@^3.0.3
415 silly packumentCache full:https://registry.npmjs.org/@jridgewell%2fresolve-uri cache-miss
416 silly fetch manifest @jridgewell/sourcemap-codec@^1.4.10
417 silly packumentCache full:https://registry.npmjs.org/@jridgewell%2fsourcemap-codec cache-miss
418 http cache https://registry.npmjs.org/@jridgewell%2fresolve-uri 12ms (cache hit)
419 silly packumentCache full:https://registry.npmjs.org/@jridgewell%2fresolve-uri set size:57361 disposed:false
420 http cache https://registry.npmjs.org/@jridgewell%2fsourcemap-codec 16ms (cache hit)
421 silly packumentCache full:https://registry.npmjs.org/@jridgewell%2fsourcemap-codec set size:51856 disposed:false
422 silly placeDep node_modules/wrangler @jridgewell/resolve-uri@3.1.2 OK for: @jridgewell/trace-mapping@0.3.9 want: ^3.0.3
423 silly placeDep node_modules/wrangler @jridgewell/sourcemap-codec@1.5.5 OK for: @jridgewell/trace-mapping@0.3.9 want: ^1.4.10
424 silly placeDep node_modules/wrangler rollup-plugin-inject@3.0.2 OK for: rollup-plugin-node-polyfills@0.2.1 want: ^3.0.0
425 silly fetch manifest estree-walker@^0.6.1
426 silly packumentCache full:https://registry.npmjs.org/estree-walker cache-miss
427 silly fetch manifest magic-string@^0.25.3
428 silly packumentCache full:https://registry.npmjs.org/magic-string cache-miss
429 silly fetch manifest rollup-pluginutils@^2.8.1
430 silly packumentCache full:https://registry.npmjs.org/rollup-pluginutils cache-miss
431 http fetch GET 200 https://registry.npmjs.org/estree-walker 95ms (cache revalidated)
432 silly packumentCache full:https://registry.npmjs.org/estree-walker set size:60887 disposed:false
433 http fetch GET 200 https://registry.npmjs.org/rollup-pluginutils 99ms (cache revalidated)
434 silly packumentCache full:https://registry.npmjs.org/rollup-pluginutils set size:78670 disposed:false
435 http fetch GET 200 https://registry.npmjs.org/magic-string 108ms (cache revalidated)
436 silly packumentCache full:https://registry.npmjs.org/magic-string set size:331817 disposed:false
437 silly placeDep node_modules/wrangler estree-walker@0.6.1 OK for: rollup-plugin-inject@3.0.2 want: ^0.6.1
438 silly placeDep node_modules/wrangler magic-string@0.25.9 OK for: rollup-plugin-inject@3.0.2 want: ^0.25.3
439 silly placeDep node_modules/wrangler rollup-pluginutils@2.8.2 OK for: rollup-plugin-inject@3.0.2 want: ^2.8.1
440 silly fetch manifest sourcemap-codec@^1.4.8
441 silly packumentCache full:https://registry.npmjs.org/sourcemap-codec cache-miss
442 http fetch GET 200 https://registry.npmjs.org/sourcemap-codec 83ms (cache revalidated)
443 silly packumentCache full:https://registry.npmjs.org/sourcemap-codec set size:45470 disposed:false
444 silly placeDep node_modules/wrangler sourcemap-codec@1.4.8 OK for: magic-string@0.25.9 want: ^1.4.8
445 silly placeDep node_modules/wrangler @img/sharp-darwin-arm64@0.33.5 OK for: sharp@0.33.5 want: 0.33.5
446 silly placeDep node_modules/wrangler @img/sharp-darwin-x64@0.33.5 OK for: sharp@0.33.5 want: 0.33.5
447 silly placeDep node_modules/wrangler @img/sharp-libvips-darwin-arm64@1.0.4 OK for: sharp@0.33.5 want: 1.0.4
448 silly placeDep node_modules/wrangler @img/sharp-libvips-darwin-x64@1.0.4 OK for: sharp@0.33.5 want: 1.0.4
449 silly placeDep node_modules/wrangler @img/sharp-libvips-linux-arm@1.0.5 OK for: sharp@0.33.5 want: 1.0.5
450 silly placeDep node_modules/wrangler @img/sharp-libvips-linux-arm64@1.0.4 OK for: sharp@0.33.5 want: 1.0.4
451 silly placeDep node_modules/wrangler @img/sharp-libvips-linux-s390x@1.0.4 OK for: sharp@0.33.5 want: 1.0.4
452 silly placeDep node_modules/wrangler @img/sharp-libvips-linux-x64@1.0.4 OK for: sharp@0.33.5 want: 1.0.4
453 silly placeDep node_modules/wrangler @img/sharp-libvips-linuxmusl-arm64@1.0.4 OK for: sharp@0.33.5 want: 1.0.4
454 silly placeDep node_modules/wrangler @img/sharp-libvips-linuxmusl-x64@1.0.4 OK for: sharp@0.33.5 want: 1.0.4
455 silly placeDep node_modules/wrangler @img/sharp-linux-arm@0.33.5 OK for: sharp@0.33.5 want: 0.33.5
456 silly placeDep node_modules/wrangler @img/sharp-linux-arm64@0.33.5 OK for: sharp@0.33.5 want: 0.33.5
457 silly placeDep node_modules/wrangler @img/sharp-linux-s390x@0.33.5 OK for: sharp@0.33.5 want: 0.33.5
458 silly placeDep node_modules/wrangler @img/sharp-linux-x64@0.33.5 OK for: sharp@0.33.5 want: 0.33.5
459 silly placeDep node_modules/wrangler @img/sharp-linuxmusl-arm64@0.33.5 OK for: sharp@0.33.5 want: 0.33.5
460 silly placeDep node_modules/wrangler @img/sharp-linuxmusl-x64@0.33.5 OK for: sharp@0.33.5 want: 0.33.5
461 silly placeDep node_modules/wrangler @img/sharp-wasm32@0.33.5 OK for: sharp@0.33.5 want: 0.33.5
462 silly placeDep node_modules/wrangler @img/sharp-win32-ia32@0.33.5 OK for: sharp@0.33.5 want: 0.33.5
463 silly placeDep node_modules/wrangler @img/sharp-win32-x64@0.33.5 OK for: sharp@0.33.5 want: 0.33.5
464 silly placeDep node_modules/wrangler color@4.2.3 OK for: sharp@0.33.5 want: ^4.2.3
465 silly placeDep node_modules/wrangler detect-libc@2.1.2 OK for: sharp@0.33.5 want: ^2.0.3
466 silly placeDep node_modules/wrangler semver@7.8.5 OK for: sharp@0.33.5 want: ^7.6.3
467 silly fetch manifest @emnapi/runtime@^1.2.0
468 silly packumentCache full:https://registry.npmjs.org/@emnapi%2fruntime cache-miss
469 silly fetch manifest color-string@^1.9.0
470 silly packumentCache full:https://registry.npmjs.org/color-string cache-miss
471 silly fetch manifest color-convert@^2.0.1
472 silly packumentCache full:https://registry.npmjs.org/color-convert cache-miss
473 http cache https://registry.npmjs.org/@emnapi%2fruntime 22ms (cache hit)
474 silly packumentCache full:https://registry.npmjs.org/@emnapi%2fruntime set size:118526 disposed:false
475 http fetch GET 200 https://registry.npmjs.org/color-convert 88ms (cache revalidated)
476 silly packumentCache full:https://registry.npmjs.org/color-convert set size:72663 disposed:false
477 http fetch GET 200 https://registry.npmjs.org/color-string 97ms (cache revalidated)
478 silly packumentCache full:https://registry.npmjs.org/color-string set size:84418 disposed:false
479 silly placeDep node_modules/wrangler @emnapi/runtime@1.11.2 OK for: @img/sharp-wasm32@0.33.5 want: ^1.2.0
480 silly fetch manifest tslib@^2.4.0
481 silly packumentCache full:https://registry.npmjs.org/tslib cache-miss
482 http cache https://registry.npmjs.org/tslib 12ms (cache hit)
483 silly packumentCache full:https://registry.npmjs.org/tslib set size:108843 disposed:false
484 silly placeDep node_modules/wrangler tslib@2.8.1 OK for: @emnapi/runtime@1.11.2 want: ^2.4.0
485 silly placeDep node_modules/wrangler color-convert@2.0.1 OK for: color@4.2.3 want: ^2.0.1
486 silly placeDep node_modules/wrangler color-string@1.9.1 OK for: color@4.2.3 want: ^1.9.0
487 silly fetch manifest color-name@~1.1.4
488 silly packumentCache full:https://registry.npmjs.org/color-name cache-miss
489 silly fetch manifest color-name@^1.0.0
490 silly packumentCache full:https://registry.npmjs.org/color-name cache-miss
491 silly fetch manifest simple-swizzle@^0.2.2
492 silly packumentCache full:https://registry.npmjs.org/simple-swizzle cache-miss
493 http fetch GET 200 https://registry.npmjs.org/color-name 99ms (cache revalidated)
494 silly packumentCache full:https://registry.npmjs.org/color-name set size:19467 disposed:false
495 http fetch GET 200 https://registry.npmjs.org/color-name 105ms (cache revalidated)
496 silly packumentCache full:https://registry.npmjs.org/color-name set size:19467 disposed:false
497 silly packumentCache full:https://registry.npmjs.org/color-name dispose
498 http fetch GET 200 https://registry.npmjs.org/simple-swizzle 106ms (cache revalidated)
499 silly packumentCache full:https://registry.npmjs.org/simple-swizzle set size:10651 disposed:false
500 silly placeDep node_modules/wrangler color-name@1.1.4 OK for: color-convert@2.0.1 want: ~1.1.4
501 silly placeDep node_modules/wrangler simple-swizzle@0.2.4 OK for: color-string@1.9.1 want: ^0.2.2
502 silly fetch manifest is-arrayish@^0.3.1
503 silly packumentCache full:https://registry.npmjs.org/is-arrayish cache-miss
504 http fetch GET 200 https://registry.npmjs.org/is-arrayish 76ms (cache revalidated)
505 silly packumentCache full:https://registry.npmjs.org/is-arrayish set size:15371 disposed:false
506 silly placeDep node_modules/wrangler is-arrayish@0.3.4 OK for: simple-swizzle@0.2.4 want: ^0.3.1
507 silly placeDep node_modules/wrangler @fastify/busboy@2.1.1 OK for: undici@5.29.0 want: ^2.0.0
508 silly placeDep node_modules/wrangler defu@6.1.7 OK for: unenv@2.0.0-rc.14 want: ^6.1.4
509 silly placeDep node_modules/wrangler exsolve@1.1.0 OK for: unenv@2.0.0-rc.14 want: ^1.0.1
510 silly placeDep node_modules/wrangler ohash@2.0.11 OK for: unenv@2.0.0-rc.14 want: ^2.0.10
511 silly placeDep node_modules/wrangler pathe@2.0.3 OK for: unenv@2.0.0-rc.14 want: ^2.0.3
512 silly placeDep node_modules/wrangler ufo@1.6.4 OK for: unenv@2.0.0-rc.14 want: ^1.5.4
513 silly placeDep node_modules/wrangler @cloudflare/workerd-darwin-64@1.20250718.0 OK for: workerd@1.20250718.0 want: 1.20250718.0
514 silly placeDep node_modules/wrangler @cloudflare/workerd-darwin-arm64@1.20250718.0 OK for: workerd@1.20250718.0 want: 1.20250718.0
515 silly placeDep node_modules/wrangler @cloudflare/workerd-linux-64@1.20250718.0 OK for: workerd@1.20250718.0 want: 1.20250718.0
516 silly placeDep node_modules/wrangler @cloudflare/workerd-linux-arm64@1.20250718.0 OK for: workerd@1.20250718.0 want: 1.20250718.0
517 silly placeDep node_modules/wrangler @cloudflare/workerd-windows-64@1.20250718.0 OK for: workerd@1.20250718.0 want: 1.20250718.0
518 silly placeDep node_modules/wrangler cookie@0.7.2 OK for: youch@3.3.4 want: ^0.7.1
519 silly placeDep node_modules/wrangler mustache@4.2.0 OK for: youch@3.3.4 want: ^4.2.0
520 silly placeDep node_modules/wrangler stacktracey@2.2.0 OK for: youch@3.3.4 want: ^2.1.8
521 silly fetch manifest as-table@^1.0.36
522 silly packumentCache full:https://registry.npmjs.org/as-table cache-miss
523 silly fetch manifest get-source@^2.0.12
524 silly packumentCache full:https://registry.npmjs.org/get-source cache-miss
525 http fetch GET 200 https://registry.npmjs.org/as-table 264ms (cache revalidated)
526 silly packumentCache full:https://registry.npmjs.org/as-table set size:110460 disposed:false
527 http fetch GET 200 https://registry.npmjs.org/get-source 271ms (cache revalidated)
528 silly packumentCache full:https://registry.npmjs.org/get-source set size:123937 disposed:false
529 silly placeDep node_modules/wrangler as-table@1.0.55 OK for: stacktracey@2.2.0 want: ^1.0.36
530 silly placeDep node_modules/wrangler get-source@2.0.12 OK for: stacktracey@2.2.0 want: ^2.0.12
531 silly fetch manifest printable-characters@^1.0.42
532 silly packumentCache full:https://registry.npmjs.org/printable-characters cache-miss
533 silly fetch manifest data-uri-to-buffer@^2.0.0
534 silly packumentCache full:https://registry.npmjs.org/data-uri-to-buffer cache-miss
535 silly fetch manifest source-map@^0.6.1
536 silly packumentCache full:https://registry.npmjs.org/source-map cache-miss
537 http fetch GET 200 https://registry.npmjs.org/data-uri-to-buffer 82ms (cache revalidated)
538 silly packumentCache full:https://registry.npmjs.org/data-uri-to-buffer set size:48018 disposed:false
539 http fetch GET 200 https://registry.npmjs.org/source-map 88ms (cache revalidated)
540 silly packumentCache full:https://registry.npmjs.org/source-map set size:226267 disposed:false
541 http fetch GET 200 https://registry.npmjs.org/printable-characters 246ms (cache revalidated)
542 silly packumentCache full:https://registry.npmjs.org/printable-characters set size:97758 disposed:false
543 silly placeDep node_modules/wrangler printable-characters@1.0.42 OK for: as-table@1.0.55 want: ^1.0.42
544 silly placeDep node_modules/wrangler data-uri-to-buffer@2.0.2 OK for: get-source@2.0.12 want: ^2.0.0
545 silly placeDep node_modules/wrangler source-map@0.6.1 OK for: get-source@2.0.12 want: ^0.6.1
546 silly reify mark retired [
546 silly reify   '/data/data/com.termux/files/usr/lib/node_modules/wrangler',
546 silly reify   '/data/data/com.termux/files/usr/bin/wrangler',
546 silly reify   '/data/data/com.termux/files/usr/bin/wrangler2'
546 silly reify ]
547 silly reify moves {
547 silly reify   '/data/data/com.termux/files/usr/lib/node_modules/wrangler': '/data/data/com.termux/files/usr/lib/node_modules/.wrangler-e78WJKo2',
547 silly reify   '/data/data/com.termux/files/usr/bin/wrangler': '/data/data/com.termux/files/usr/bin/.wrangler-zsGsI8wo',
547 silly reify   '/data/data/com.termux/files/usr/bin/wrangler2': '/data/data/com.termux/files/usr/bin/.wrangler2-n8dFytHe'
547 silly reify }
548 http cache wrangler@https://registry.npmjs.org/wrangler/-/wrangler-3.114.17.tgz 0ms (cache hit)
549 http cache @jridgewell/trace-mapping@https://registry.npmjs.org/@jridgewell/trace-mapping/-/trace-mapping-0.3.9.tgz 0ms (cache hit)
550 http cache @jridgewell/resolve-uri@https://registry.npmjs.org/@jridgewell/resolve-uri/-/resolve-uri-3.1.2.tgz 0ms (cache hit)
551 http cache @cspotcode/source-map-support@https://registry.npmjs.org/@cspotcode/source-map-support/-/source-map-support-0.8.1.tgz 0ms (cache hit)
552 http cache @jridgewell/sourcemap-codec@https://registry.npmjs.org/@jridgewell/sourcemap-codec/-/sourcemap-codec-1.5.5.tgz 0ms (cache hit)
553 http cache @esbuild-plugins/node-modules-polyfill@https://registry.npmjs.org/@esbuild-plugins/node-modules-polyfill/-/node-modules-polyfill-0.2.2.tgz 0ms (cache hit)
554 http cache @fastify/busboy@https://registry.npmjs.org/@fastify/busboy/-/busboy-2.1.1.tgz 0ms (cache hit)
555 http cache @esbuild-plugins/node-globals-polyfill@https://registry.npmjs.org/@esbuild-plugins/node-globals-polyfill/-/node-globals-polyfill-0.2.3.tgz 1ms (cache hit)
556 http cache zod@https://registry.npmjs.org/zod/-/zod-3.22.3.tgz 1ms (cache hit)
557 http cache @cloudflare/kv-asset-handler@https://registry.npmjs.org/@cloudflare/kv-asset-handler/-/kv-asset-handler-0.3.4.tgz 0ms (cache hit)
558 http cache youch@https://registry.npmjs.org/youch/-/youch-3.3.4.tgz 1ms (cache hit)
559 http cache @esbuild/android-arm64@https://registry.npmjs.org/@esbuild/android-arm64/-/android-arm64-0.17.19.tgz 0ms (cache hit)
560 http cache unenv@https://registry.npmjs.org/unenv/-/unenv-2.0.0-rc.14.tgz 0ms (cache hit)
561 http cache ws@https://registry.npmjs.org/ws/-/ws-8.18.0.tgz 0ms (cache hit)
562 http cache workerd@https://registry.npmjs.org/workerd/-/workerd-1.20250718.0.tgz 0ms (cache hit)
563 http cache undici@https://registry.npmjs.org/undici/-/undici-5.29.0.tgz 0ms (cache hit)
564 http cache ufo@https://registry.npmjs.org/ufo/-/ufo-1.6.4.tgz 0ms (cache hit)
565 http cache stoppable@https://registry.npmjs.org/stoppable/-/stoppable-1.1.0.tgz 0ms (cache hit)
566 http cache stacktracey@https://registry.npmjs.org/stacktracey/-/stacktracey-2.2.0.tgz 0ms (cache hit)
567 http cache @cloudflare/unenv-preset@https://registry.npmjs.org/@cloudflare/unenv-preset/-/unenv-preset-2.0.2.tgz 0ms (cache hit)
568 http cache sourcemap-codec@https://registry.npmjs.org/sourcemap-codec/-/sourcemap-codec-1.4.8.tgz 0ms (cache hit)
569 http cache source-map@https://registry.npmjs.org/source-map/-/source-map-0.6.1.tgz 0ms (cache hit)
570 http cache simple-swizzle@https://registry.npmjs.org/simple-swizzle/-/simple-swizzle-0.2.4.tgz 0ms (cache hit)
571 http cache sharp@https://registry.npmjs.org/sharp/-/sharp-0.33.5.tgz 0ms (cache hit)
572 http cache semver@https://registry.npmjs.org/semver/-/semver-7.8.5.tgz 0ms (cache hit)
573 http cache rollup-pluginutils@https://registry.npmjs.org/rollup-pluginutils/-/rollup-pluginutils-2.8.2.tgz 0ms (cache hit)
574 http cache rollup-plugin-node-polyfills@https://registry.npmjs.org/rollup-plugin-node-polyfills/-/rollup-plugin-node-polyfills-0.2.1.tgz 0ms (cache hit)
575 http cache printable-characters@https://registry.npmjs.org/printable-characters/-/printable-characters-1.0.42.tgz 0ms (cache hit)
576 http cache pathe@https://registry.npmjs.org/pathe/-/pathe-2.0.3.tgz 0ms (cache hit)
577 http cache mime@https://registry.npmjs.org/mime/-/mime-3.0.0.tgz 0ms (cache hit)
578 http cache path-to-regexp@https://registry.npmjs.org/path-to-regexp/-/path-to-regexp-6.3.0.tgz 0ms (cache hit)
579 http cache ohash@https://registry.npmjs.org/ohash/-/ohash-2.0.11.tgz 0ms (cache hit)
580 http cache mustache@https://registry.npmjs.org/mustache/-/mustache-4.2.0.tgz 1ms (cache hit)
581 http cache rollup-plugin-inject@https://registry.npmjs.org/rollup-plugin-inject/-/rollup-plugin-inject-3.0.2.tgz 0ms (cache hit)
582 http cache miniflare@https://registry.npmjs.org/miniflare/-/miniflare-3.20250718.3.tgz 0ms (cache hit)
583 http cache magic-string@https://registry.npmjs.org/magic-string/-/magic-string-0.25.9.tgz 0ms (cache hit)
584 http cache is-arrayish@https://registry.npmjs.org/is-arrayish/-/is-arrayish-0.3.4.tgz 0ms (cache hit)
585 http cache glob-to-regexp@https://registry.npmjs.org/glob-to-regexp/-/glob-to-regexp-0.4.1.tgz 0ms (cache hit)
586 http cache get-source@https://registry.npmjs.org/get-source/-/get-source-2.0.12.tgz 0ms (cache hit)
587 http cache exsolve@https://registry.npmjs.org/exsolve/-/exsolve-1.1.0.tgz 0ms (cache hit)
588 http cache exit-hook@https://registry.npmjs.org/exit-hook/-/exit-hook-2.2.1.tgz 0ms (cache hit)
589 http cache estree-walker@https://registry.npmjs.org/estree-walker/-/estree-walker-0.6.1.tgz 0ms (cache hit)
590 http cache escape-string-regexp@https://registry.npmjs.org/escape-string-regexp/-/escape-string-regexp-4.0.0.tgz 0ms (cache hit)
591 http cache esbuild@https://registry.npmjs.org/esbuild/-/esbuild-0.17.19.tgz 0ms (cache hit)
592 http cache detect-libc@https://registry.npmjs.org/detect-libc/-/detect-libc-2.1.2.tgz 0ms (cache hit)
593 http cache defu@https://registry.npmjs.org/defu/-/defu-6.1.7.tgz 0ms (cache hit)
594 http cache data-uri-to-buffer@https://registry.npmjs.org/data-uri-to-buffer/-/data-uri-to-buffer-2.0.2.tgz 0ms (cache hit)
595 http cache cookie@https://registry.npmjs.org/cookie/-/cookie-0.7.2.tgz 0ms (cache hit)
596 http cache color@https://registry.npmjs.org/color/-/color-4.2.3.tgz 0ms (cache hit)
597 http cache color-string@https://registry.npmjs.org/color-string/-/color-string-1.9.1.tgz 0ms (cache hit)
598 http cache color-name@https://registry.npmjs.org/color-name/-/color-name-1.1.4.tgz 0ms (cache hit)
599 http cache blake3-wasm@https://registry.npmjs.org/blake3-wasm/-/blake3-wasm-2.1.5.tgz 0ms (cache hit)
600 http cache color-convert@https://registry.npmjs.org/color-convert/-/color-convert-2.0.1.tgz 0ms (cache hit)
601 http cache as-table@https://registry.npmjs.org/as-table/-/as-table-1.0.55.tgz 0ms (cache hit)
602 http cache acorn-walk@https://registry.npmjs.org/acorn-walk/-/acorn-walk-8.3.2.tgz 0ms (cache hit)
603 http cache acorn@https://registry.npmjs.org/acorn/-/acorn-8.14.0.tgz 0ms (cache hit)
604 warn deprecated rollup-plugin-inject@3.0.2: This package has been deprecated and is no longer maintained. Please use @rollup/plugin-inject.
605 warn deprecated sourcemap-codec@1.4.8: Please use @jridgewell/sourcemap-codec instead
606 silly CHANGE node_modules/wrangler
607 silly CHANGE node_modules/wrangler/node_modules/@jridgewell/trace-mapping
608 silly CHANGE node_modules/wrangler/node_modules/@jridgewell/sourcemap-codec
609 silly CHANGE node_modules/wrangler/node_modules/@jridgewell/resolve-uri
610 silly CHANGE node_modules/wrangler/node_modules/@fastify/busboy
611 silly CHANGE node_modules/wrangler/node_modules/@cspotcode/source-map-support
612 silly CHANGE node_modules/wrangler/node_modules/@esbuild-plugins/node-modules-polyfill
613 silly CHANGE node_modules/wrangler/node_modules/@esbuild-plugins/node-globals-polyfill
614 silly CHANGE node_modules/wrangler/node_modules/@esbuild/android-arm64
615 silly CHANGE node_modules/wrangler/node_modules/@cloudflare/unenv-preset
616 silly CHANGE node_modules/wrangler/node_modules/@cloudflare/kv-asset-handler
617 silly CHANGE node_modules/wrangler/node_modules/zod
618 silly CHANGE node_modules/wrangler/node_modules/youch
619 silly CHANGE node_modules/wrangler/node_modules/ws
620 silly CHANGE node_modules/wrangler/node_modules/unenv
621 silly CHANGE node_modules/wrangler/node_modules/workerd
622 silly CHANGE node_modules/wrangler/node_modules/undici
623 silly CHANGE node_modules/wrangler/node_modules/stoppable
624 silly CHANGE node_modules/wrangler/node_modules/ufo
625 silly CHANGE node_modules/wrangler/node_modules/stacktracey
626 silly CHANGE node_modules/wrangler/node_modules/sourcemap-codec
627 silly CHANGE node_modules/wrangler/node_modules/source-map
628 silly CHANGE node_modules/wrangler/node_modules/simple-swizzle
629 silly CHANGE node_modules/wrangler/node_modules/sharp
630 silly CHANGE node_modules/wrangler/node_modules/semver
631 silly CHANGE node_modules/wrangler/node_modules/rollup-pluginutils
632 silly CHANGE node_modules/wrangler/node_modules/rollup-plugin-node-polyfills
633 silly CHANGE node_modules/wrangler/node_modules/rollup-plugin-inject
634 silly CHANGE node_modules/wrangler/node_modules/printable-characters
635 silly CHANGE node_modules/wrangler/node_modules/pathe
636 silly CHANGE node_modules/wrangler/node_modules/mime
637 silly CHANGE node_modules/wrangler/node_modules/path-to-regexp
638 silly CHANGE node_modules/wrangler/node_modules/ohash
639 silly CHANGE node_modules/wrangler/node_modules/mustache
640 silly CHANGE node_modules/wrangler/node_modules/miniflare
641 silly CHANGE node_modules/wrangler/node_modules/magic-string
642 silly CHANGE node_modules/wrangler/node_modules/glob-to-regexp
643 silly CHANGE node_modules/wrangler/node_modules/is-arrayish
644 silly CHANGE node_modules/wrangler/node_modules/get-source
645 silly CHANGE node_modules/wrangler/node_modules/exsolve
646 silly CHANGE node_modules/wrangler/node_modules/exit-hook
647 silly CHANGE node_modules/wrangler/node_modules/estree-walker
648 silly CHANGE node_modules/wrangler/node_modules/escape-string-regexp
649 silly CHANGE node_modules/wrangler/node_modules/esbuild
650 silly CHANGE node_modules/wrangler/node_modules/detect-libc
651 silly CHANGE node_modules/wrangler/node_modules/defu
652 silly CHANGE node_modules/wrangler/node_modules/data-uri-to-buffer
653 silly CHANGE node_modules/wrangler/node_modules/cookie
654 silly CHANGE node_modules/wrangler/node_modules/color-string
655 silly CHANGE node_modules/wrangler/node_modules/color
656 silly CHANGE node_modules/wrangler/node_modules/color-name
657 silly CHANGE node_modules/wrangler/node_modules/color-convert
658 silly CHANGE node_modules/wrangler/node_modules/blake3-wasm
659 silly CHANGE node_modules/wrangler/node_modules/as-table
660 silly CHANGE node_modules/wrangler/node_modules/acorn-walk
661 silly CHANGE node_modules/wrangler/node_modules/acorn
662 verbose cwd /data/data/com.termux/files/home
663 verbose os Linux 5.15.178-android13-8-ga7cf630dda19-ab41
664 verbose node v24.14.1
665 verbose npm  v11.12.1
666 verbose exit 0
667 info ok
