0 verbose cli /data/data/com.termux/files/usr/bin/node /data/data/com.termux/files/usr/bin/npm
1 info using npm@11.12.1
2 info using node@v24.14.1
3 silly config load:file:/data/data/com.termux/files/usr/lib/node_modules/npm/npmrc
4 silly config load:file:/data/data/com.termux/files/home/.npmrc
5 silly config load:file:/data/data/com.termux/files/usr/etc/npmrc
6 verbose title npm install
7 verbose argv "install"
8 verbose logfile logs-max:10 dir:/data/data/com.termux/files/home/.npm/_logs/2026-07-04T21_45_24_067Z-
9 verbose logfile /data/data/com.termux/files/home/.npm/_logs/2026-07-04T21_45_24_067Z-debug-0.log
10 silly logfile done cleaning log files
11 silly packumentCache heap:1086849024 maxSize:271712256 maxEntrySize:135856128
12 silly idealTree buildDeps
13 silly reify moves {}
14 verbose stack Error: Could not read package.json: Error: ENOENT: no such file or directory, open '/data/data/com.termux/files/home/package.json'
14 verbose stack     at async open (node:internal/fs/promises:640:25)
14 verbose stack     at async readFile (node:internal/fs/promises:1283:14)
14 verbose stack     at async read (/data/data/com.termux/files/usr/lib/node_modules/npm/node_modules/@npmcli/package-json/lib/read-package.js:9:18)
14 verbose stack     at async PackageJson.load (/data/data/com.termux/files/usr/lib/node_modules/npm/node_modules/@npmcli/package-json/lib/index.js:131:31)
14 verbose stack     at async PackageJson.normalize (/data/data/com.termux/files/usr/lib/node_modules/npm/node_modules/@npmcli/package-json/lib/index.js:117:5)
14 verbose stack     at async runScript (/data/data/com.termux/files/usr/lib/node_modules/npm/node_modules/@npmcli/run-script/lib/run-script.js:11:28)
14 verbose stack     at async Install.exec (/data/data/com.termux/files/usr/lib/node_modules/npm/lib/commands/install.js:159:9)
14 verbose stack     at async Npm.exec (/data/data/com.termux/files/usr/lib/node_modules/npm/lib/npm.js:193:9)
14 verbose stack     at async module.exports (/data/data/com.termux/files/usr/lib/node_modules/npm/lib/cli/entry.js:67:5)
15 error code ENOENT
16 error syscall open
17 error path /data/data/com.termux/files/home/package.json
18 error errno -2
19 error enoent Could not read package.json: Error: ENOENT: no such file or directory, open '/data/data/com.termux/files/home/package.json'
20 error enoent This is related to npm not being able to find a file.
20 error enoent
21 verbose cwd /data/data/com.termux/files/home
22 verbose os Linux 5.15.178-android13-8-ga7cf630dda19-ab41
23 verbose node v24.14.1
24 verbose npm  v11.12.1
25 verbose exit -2
26 verbose code -2
27 error A complete log of this run can be found in: /data/data/com.termux/files/home/.npm/_logs/2026-07-04T21_45_24_067Z-debug-0.log
